make.exe all --print-data-base --no-builtin-variables --no-builtin-rules --question
Makefile:18: warning: overriding recipe for target 'obj/main.o'
Makefile:12: warning: ignoring old recipe for target 'obj/main.o'
 
# GNU Make 4.3
# Built for Windows32
# Copyright (C) 1988-2020 Free Software Foundation, Inc.
# License GPLv3+: GNU GPL version 3 or later <http://gnu.org/licenses/gpl.html>
# This is free software: you are free to change and redistribute it.
# There is NO WARRANTY, to the extent permitted by law.
 

# Make data base, printed on Tue Nov 30 21:42:10 2021

# Variables

# environment
SYSTEMDRIVE = C:
# environment
LC_ALL = C
# environment
USERPROFILE = C:\Users\levce
# environment
LOCALAPPDATA = C:\Users\levce\AppData\Local
# environment
VSCODE_IPC_HOOK_EXTHOST = \\.\pipe\vscode-ipc-c8eff115-9969-4f13-9c3e-3b7a8f32020f-sock
# environment
VSCODE_CWD = C:\Users\levce\AppData\Local\Programs\Microsoft VS Code
# environment
CHOCOLATEYINSTALL = C:\ProgramData\chocolatey
# environment
SYSTEMROOT = C:\WINDOWS
# environment
PROCESSOR_LEVEL = 6
# environment
PSMODULEPATH = C:\Program Files\WindowsPowerShell\Modules;C:\WINDOWS\system32\WindowsPowerShell\v1.0\Modules
# default
MAKE_COMMAND := C:/ProgramData/chocolatey/lib/make/tools/install/bin/make.exe
# automatic
@D = $(patsubst %/,%,$(patsubst %\,%,$(dir $@)))
# environment
CHROME_CRASHPAD_PIPE_NAME = \\.\pipe\crashpad_11880_FYGYHQYATBUZXMQJ
# environment
VSCODE_HANDLES_UNCAUGHT_ERRORS = true
# default
.VARIABLES := 
# automatic
%D = $(patsubst %/,%,$(patsubst %\,%,$(dir $%)))
# automatic
^D = $(patsubst %/,%,$(patsubst %\,%,$(dir $^)))
# environment
VSCODE_LOG_STACK = false
# automatic
%F = $(notdir $%)
# environment
VSCODE_CODE_CACHE_PATH = C:\Users\levce\AppData\Roaming\Code\CachedData\ccbaa2d27e38e5afa3e5c21c1c7bef4657064247
# environment
LANG = C
# default
.LOADED := 
# environment
TMP = C:\Users\levce\AppData\Local\Temp
# default
.INCLUDE_DIRS = .
# environment
CONFIGSETROOT = C:\WINDOWS\ConfigSetRoot
# environment
PROCESSOR_ARCHITEW6432 = AMD64
# makefile
MAKEFLAGS = pqrR
# environment
ONEDRIVE = C:\Users\levce\OneDrive
# makefile
CURDIR := c:/Users/levce/CLionProjects/Diff
# environment
VSCODE_PIPE_LOGGING = true
# environment
APPLICATION_INSIGHTS_NO_DIAGNOSTIC_CHANNEL = true
# automatic
*D = $(patsubst %/,%,$(patsubst %\,%,$(dir $*)))
# environment
PROGRAMFILES = C:\Program Files (x86)
# environment
MFLAGS = -pqrR
# default
.SHELLFLAGS := -c
# environment
COMMONPROGRAMW6432 = C:\Program Files\Common Files
# automatic
+D = $(patsubst %/,%,$(patsubst %\,%,$(dir $+)))
# makefile (from 'Makefile', line 1)
MAKEFILE_LIST := Makefile
# automatic
@F = $(notdir $@)
# environment
VSCODE_VERBOSE_LOGGING = true
# environment
VSCODE_PID = 11880
# automatic
?D = $(patsubst %/,%,$(patsubst %\,%,$(dir $?)))
# automatic
*F = $(notdir $*)
# makefile (from 'Makefile', line 4)
BuildF = obj/
# automatic
<D = $(patsubst %/,%,$(patsubst %\,%,$(dir $<)))
# environment
VSCODE_NLS_CONFIG = {"locale":"ru","availableLanguages":{},"_languagePackSupport":true}
# environment
ONEDRIVECONSUMER = C:\Users\levce\OneDrive
# default
MAKE_HOST := Windows32
# environment
PROGRAMDATA = C:\ProgramData
# default
SHELL := sh.exe
# environment
HOMEPATH = \Users\levce
# default
MAKECMDGOALS := all
# environment
DRIVERDATA = C:\Windows\System32\Drivers\DriverData
# environment
COMSPEC = C:\WINDOWS\system32\cmd.exe
# environment
WINDIR = C:\WINDOWS
# environment
MAKELEVEL := 0
# default
MAKE = $(MAKE_COMMAND)
# environment
PATH = C:\Windows\system32;C:\Windows;C:\Windows\System32\Wbem;C:\Windows\System32\WindowsPowerShell\v1.0\;C:\Windows\System32\OpenSSH\;C:\Program Files (x86)\NVIDIA Corporation\PhysX\Common;C:\Program Files\Intel\WiFi\bin\;C:\Program Files\Common Files\Intel\WirelessCommon\;C:\Program Files\NVIDIA Corporation\NVIDIA NvDLISR;C:\WINDOWS\system32;C:\WINDOWS;C:\WINDOWS\System32\Wbem;C:\WINDOWS\System32\WindowsPowerShell\v1.0\;C:\WINDOWS\System32\OpenSSH\;C;C:\Program Files\Git\cmd;C:\ProgramData\chocolatey\bin;C:\Program Files\Graphviz\bin;C:\Users\levce\AppData\Local\Microsoft\WindowsApps;C:\Program Files\mingw-w64\x86_64-8.1.0-posix-seh-rt_v6-rev0\mingw64\bin;C:\Users\levce\AppData\Local\Programs\Microsoft VS Code\bin;C:\Users\levce\AppData\Local\GitHubDesktop\bin
# environment
COMPUTERNAME = MSI
# default
MAKEFILES := 
# automatic
^F = $(notdir $^)
# environment
PROMPT = $P$G
# environment
CHOCOLATEYLASTPATHUPDATE = 132805658015734431
# environment
LOGONSERVER = \\MSI
# environment
VSCODE_LOG_NATIVE = false
# environment
USERNAME = levce
# environment
COMMONPROGRAMFILES = C:\Program Files (x86)\Common Files
# automatic
?F = $(notdir $?)
# environment
PROGRAMW6432 = C:\Program Files
# environment
PATHEXT = .COM;.EXE;.BAT;.CMD;.VBS;.VBE;.JS;.JSE;.WSF;.WSH;.MSC
# automatic
+F = $(notdir $+)
# environment
ORIGINAL_XDG_CURRENT_DESKTOP = undefined
# environment
USERDOMAIN = MSI
# 'override' directive
GNUMAKEFLAGS := 
# environment
OS = Windows_NT
# makefile
.DEFAULT_GOAL := all
# default
MAKE_VERSION := 4.3
# environment
PROGRAMFILES(X86) = C:\Program Files (x86)
# environment
USERDOMAIN_ROAMINGPROFILE = MSI
# environment
NUMBER_OF_PROCESSORS = 8
# environment
PUBLIC = C:\Users\Public
# environment
APPDATA = C:\Users\levce\AppData\Roaming
# makefile (from 'Makefile', line 3)
CFLAGS = -g -std=c++14 -Wall -Wextra -Weffc++ -Waggressive-loop-optimizations -Wc++0x-compat -Wc++11-compat -Wc++14-compat -Wcast-align -Wcast-qual -Wchar-subscripts -Wconditionally-supported -Wconversion -Wctor-dtor-privacy -Wempty-body -Wfloat-equal -Wformat-nonliteral -Wformat-security -Wformat-signedness -Wformat=2 -Winline -Wlarger-than=8192 -Wlogical-op -Wmissing-declarations -Wnon-virtual-dtor -Wopenmp-simd -Woverloaded-virtual -Wpacked -Wpointer-arith -Wredundant-decls -Wshadow -Wsign-conversion -Wsign-promo -Wstack-usage=8192 -Wstrict-null-sentinel -Wstrict-overflow=2 -Wsuggest-final-methods -Wsuggest-final-types -Wsuggest-override -Wswitch-default -Wswitch-enum -Wsync-nand -Wundef -Wunreachable-code -Wunused -Wuseless-cast -Wvariadic-macros -Wno-literal-suffix -Wno-missing-field-initializers -Wno-narrowing -Wno-old-style-cast -Wno-varargs
# environment
HOMEDRIVE = C:
# environment
PROCESSOR_ARCHITECTURE = x86
# environment
VSCODE_AMD_ENTRYPOINT = vs/workbench/services/extensions/node/extensionHostProcess
# environment
COMMONPROGRAMFILES(X86) = C:\Program Files (x86)\Common Files
# environment
ELECTRON_RUN_AS_NODE = 1
# environment
TEMP = C:\Users\levce\AppData\Local\Temp
# environment
VSCODE_IPC_HOOK = \\.\pipe\8ed0da0d4bacc2ae6d6f0fa60307f0cf-1.62.3-main-sock
# default
.RECIPEPREFIX := 
# automatic
<F = $(notdir $<)
# default
SUFFIXES := 
# environment
ALLUSERSPROFILE = C:\ProgramData
# environment
SESSIONNAME = Console
# default
.FEATURES := target-specific order-only second-expansion else-if shortest-stem undefine oneshell nocomment grouped-target extra-prereqs archives jobserver output-sync load
# environment
PROCESSOR_REVISION = 8e0c
# makefile (from 'Makefile', line 1)
CC = g++
# environment
PROCESSOR_IDENTIFIER = Intel64 Family 6 Model 142 Stepping 12, GenuineIntel
# variable set hash-table stats:
# Load=99/1024=10%, Rehash=0, Collisions=9/146=6%

# Pattern-specific Variable Values

# No pattern-specific variable values.

# Directories

# . (key c:/Users/levce/CLionProjects/Diff, mtime 1638297352): 29 files, no impossibilities.

# 29 files, no impossibilities in 1 directories.

# Implicit Rules

# No implicit rules.

# Files

main.exe: obj/main.o obj/differentiate.o obj/make_graph.o obj/read_graph.o obj/dump_graph.o obj/stack.o obj/struct.o obj/open.o
#  Implicit rule search has not been done.
#  Modification time never checked.
#  File has not been updated.
#  recipe to execute (from 'Makefile', line 9):
	$(CC) -g $(BuildF)main.o $(BuildF)differentiate.o $(BuildF)make_graph.o $(BuildF)read_graph.o $(BuildF)dump_graph.o $(BuildF)stack.o $(BuildF)struct.o $(BuildF)open.o -o main.exe

# Not a target:
make_graph.cpp:
#  Implicit rule search has not been done.
#  Modification time never checked.
#  File has not been updated.

obj/main.o: main.cpp main.cpp | obj obj
#  Implicit rule search has not been done.
#  Modification time never checked.
#  File has not been updated.
#  recipe to execute (from 'Makefile', line 18):
	$(CC) -c $(CFLAGS) main.cpp -o $(BuildF)main.o

obj/make_graph.o: make_graph.cpp | obj
#  Implicit rule search has not been done.
#  Modification time never checked.
#  File has not been updated.
#  recipe to execute (from 'Makefile', line 27):
	$(CC) -c $(CFLAGS) make_graph.cpp -o $(BuildF)make_graph.o

# Not a target:
Makefile:
#  Implicit rule search has been done.
#  Last modified 2021-11-30 21:42:02
#  File has been updated.
#  Successfully updated.

clean:
#  Implicit rule search has not been done.
#  Implicit/static pattern stem: ''
#  File does not exist.
#  File has been updated.
#  Needs to be updated (-q is set).
# automatic
# @ := clean
# automatic
# * := 
# automatic
# < := 
# automatic
# + := 
# automatic
# % := 
# automatic
# ^ := 
# automatic
# ? := 
# automatic
# | := 
# variable set hash-table stats:
# Load=8/32=25%, Rehash=0, Collisions=1/11=9%
#  recipe to execute (from 'Makefile', line 42):
	del /q /s obj

# Not a target:
read_graph.cpp:
#  Implicit rule search has not been done.
#  Modification time never checked.
#  File has not been updated.

obj/dump_graph.o: dump_graph.cpp | obj
#  Implicit rule search has not been done.
#  Modification time never checked.
#  File has not been updated.
#  recipe to execute (from 'Makefile', line 24):
	$(CC) -c $(CFLAGS) dump_graph.cpp -o $(BuildF)dump_graph.o

obj/read_graph.o: read_graph.cpp | obj
#  Implicit rule search has not been done.
#  Modification time never checked.
#  File has not been updated.
#  recipe to execute (from 'Makefile', line 15):
	$(CC) -c $(CFLAGS) read_graph.cpp -o $(BuildF)read_graph.o

obj/struct.o: struct.cpp | obj
#  Implicit rule search has not been done.
#  Modification time never checked.
#  File has not been updated.
#  recipe to execute (from 'Makefile', line 33):
	$(CC) -c $(CFLAGS) struct.cpp -o $(BuildF)struct.o

# Not a target:
stack.cpp:
#  Implicit rule search has not been done.
#  Modification time never checked.
#  File has not been updated.

obj:
#  Implicit rule search has not been done.
#  Modification time never checked.
#  File has not been updated.
#  recipe to execute (from 'Makefile', line 39):
	mkdir $@

# Not a target:
open.cpp:
#  Implicit rule search has not been done.
#  Modification time never checked.
#  File has not been updated.

# Not a target:
dump_graph.cpp:
#  Implicit rule search has not been done.
#  Modification time never checked.
#  File has not been updated.

# Not a target:
.DEFAULT:
#  Implicit rule search has not been done.
#  Modification time never checked.
#  File has not been updated.

all: clean main.exe
#  Command line target.
#  Implicit rule search has been done.
#  File does not exist.
#  File has been updated.
#  Needs to be updated (-q is set).
# variable set hash-table stats:
# Load=0/32=0%, Rehash=0, Collisions=0/3=0%

# Not a target:
main.cpp:
#  Implicit rule search has not been done.
#  Modification time never checked.
#  File has not been updated.

obj/open.o: open.cpp | obj
#  Implicit rule search has not been done.
#  Modification time never checked.
#  File has not been updated.
#  recipe to execute (from 'Makefile', line 30):
	$(CC) -c $(CFLAGS) open.cpp -o $(BuildF)open.o

# Not a target:
struct.cpp:
#  Implicit rule search has not been done.
#  Modification time never checked.
#  File has not been updated.

obj/differentiate.o: differentiate.cpp | obj
#  Implicit rule search has not been done.
#  Modification time never checked.
#  File has not been updated.
#  recipe to execute (from 'Makefile', line 21):
	$(CC) -c $(CFLAGS) differentiate.cpp -o $(BuildF)differentiate.o

# Not a target:
.SUFFIXES:
#  Implicit rule search has not been done.
#  Modification time never checked.
#  File has not been updated.

# Not a target:
differentiate.cpp:
#  Implicit rule search has not been done.
#  Modification time never checked.
#  File has not been updated.

obj/stack.o: stack.cpp | obj
#  Implicit rule search has not been done.
#  Modification time never checked.
#  File has not been updated.
#  recipe to execute (from 'Makefile', line 36):
	$(CC) -c $(CFLAGS) stack.cpp -o $(BuildF)stack.o

# files hash-table stats:
# Load=23/1024=2%, Rehash=0, Collisions=0/75=0%
# VPATH Search Paths

# No 'vpath' search paths.

# No general ('VPATH' variable) search path.

# strcache buffers: 1 (0) / strings = 42 / storage = 505 B / avg = 12 B
# current buf: size = 8174 B / used = 505 B / count = 42 / avg = 12 B

# strcache performance: lookups = 91 / hit rate = 53%
# hash-table stats:
# Load=42/8192=1%, Rehash=0, Collisions=0/91=0%
# Finished Make data base on Tue Nov 30 21:42:10 2021

 
